<?xml version="1.0" encoding="UTF-8"?>
<!-- Generated by org.testng.reporters.JUnitXMLReporter -->
<testsuite hostname="bjld181226-2" ignored="0" tests="5" failures="2" timestamp="2019-11-12T15:53:24 CST" time="11.673" errors="0">
  <testcase name="actionTest" time="0.006" classname="ActionTest">
    <failure type="java.lang.IllegalArgumentException" message="Key Down / Up events only make sense for modifier keys.">
      <![CDATA[java.lang.IllegalArgumentException: Key Down / Up events only make sense for modifier keys.
at org.openqa.selenium.interactions.internal.SingleKeyAction.<init>(SingleKeyAction.java:49)
at org.openqa.selenium.interactions.internal.SingleKeyAction.<init>(SingleKeyAction.java:37)
at org.openqa.selenium.interactions.KeyDownAction.<init>(KeyDownAction.java:40)
at org.openqa.selenium.interactions.Actions.keyDown(Actions.java:115)
at ActionTest.actionTest(ActionTest.java:19)
at java.util.ArrayList.forEach(ArrayList.java:1257)
... Removed 37 stack frames]]>
    </failure>
  </testcase> <!-- actionTest -->
  <testcase name="addCookie" time="0.002" classname="CookieTest">
    <failure type="java.lang.IllegalArgumentException" message="Required attributes are not set or any non-null attribute set to null">
      <![CDATA[java.lang.IllegalArgumentException: Required attributes are not set or any non-null attribute set to null
at org.openqa.selenium.Cookie.validate(Cookie.java:167)
at org.openqa.selenium.remote.RemoteWebDriver$RemoteWebDriverOptions.addCookie(RemoteWebDriver.java:681)
at CookieTest.addCookie(CookieTest.java:31)
at java.util.ArrayList.forEach(ArrayList.java:1257)
... Removed 37 stack frames]]>
    </failure>
  </testcase> <!-- addCookie -->
  <testcase name="cookieTest" time="0.015" classname="CookieTest"/>
  <testcase name="deleteCookieTest" time="0.006" classname="CookieTest"/>
  <testcase name="javascriptTest2" time="4.306" classname="JavaScriptTest"/>
</testsuite>
