<?xml version="1.0" encoding="UTF-8"?>
<testng-results skipped="0" failed="2" ignored="0" total="5" passed="3">
  <reporter-output>
  </reporter-output>
  <suite name="Command line suite" duration-ms="11673" started-at="2019-11-12T15:53:12 CST" finished-at="2019-11-12T15:53:24 CST">
    <groups>
    </groups>
    <test name="Command line test" duration-ms="11673" started-at="2019-11-12T15:53:12 CST" finished-at="2019-11-12T15:53:24 CST">
      <class name="JavaScriptTest">
        <test-method status="PASS" signature="before()[pri:0, instance:JavaScriptTest@66a3ffec]" name="before" is-config="true" duration-ms="2091" started-at="2019-11-12T15:53:17 CST" finished-at="2019-11-12T15:53:19 CST">
          <reporter-output>
          </reporter-output>
        </test-method> <!-- before -->
        <test-method status="PASS" signature="javascriptTest2()[pri:0, instance:JavaScriptTest@66a3ffec]" name="javascriptTest2" duration-ms="4306" started-at="2019-11-12T15:53:19 CST" finished-at="2019-11-12T15:53:24 CST">
          <reporter-output>
          </reporter-output>
        </test-method> <!-- javascriptTest2 -->
      </class> <!-- JavaScriptTest -->
      <class name="CookieTest">
        <test-method status="PASS" signature="before()[pri:0, instance:CookieTest@3e6fa38a]" name="before" is-config="true" duration-ms="2090" started-at="2019-11-12T15:53:15 CST" finished-at="2019-11-12T15:53:17 CST">
          <reporter-output>
          </reporter-output>
        </test-method> <!-- before -->
        <test-method status="FAIL" signature="addCookie()[pri:0, instance:CookieTest@3e6fa38a]" name="addCookie" duration-ms="2" started-at="2019-11-12T15:53:17 CST" finished-at="2019-11-12T15:53:17 CST">
          <exception class="java.lang.IllegalArgumentException">
            <message>
              <![CDATA[Required attributes are not set or any non-null attribute set to null]]>
            </message>
            <full-stacktrace>
              <![CDATA[java.lang.IllegalArgumentException: Required attributes are not set or any non-null attribute set to null
at org.openqa.selenium.Cookie.validate(Cookie.java:167)
at org.openqa.selenium.remote.RemoteWebDriver$RemoteWebDriverOptions.addCookie(RemoteWebDriver.java:681)
at CookieTest.addCookie(CookieTest.java:31)
at sun.reflect.NativeMethodAccessorImpl.invoke0(Native Method)
at sun.reflect.NativeMethodAccessorImpl.invoke(NativeMethodAccessorImpl.java:62)
at sun.reflect.DelegatingMethodAccessorImpl.invoke(DelegatingMethodAccessorImpl.java:43)
at java.lang.reflect.Method.invoke(Method.java:498)
at org.testng.internal.MethodInvocationHelper.invokeMethod(MethodInvocationHelper.java:133)
at org.testng.internal.TestInvoker.invokeMethod(TestInvoker.java:584)
at org.testng.internal.TestInvoker.invokeTestMethod(TestInvoker.java:172)
at org.testng.internal.MethodRunner.runInSequence(MethodRunner.java:46)
at org.testng.internal.TestInvoker$MethodInvocationAgent.invoke(TestInvoker.java:804)
at org.testng.internal.TestInvoker.invokeTestMethods(TestInvoker.java:145)
at org.testng.internal.TestMethodWorker.invokeTestMethods(TestMethodWorker.java:146)
at org.testng.internal.TestMethodWorker.run(TestMethodWorker.java:128)
at java.util.ArrayList.forEach(ArrayList.java:1257)
at org.testng.TestRunner.privateRun(TestRunner.java:770)
at org.testng.TestRunner.run(TestRunner.java:591)
at org.testng.SuiteRunner.runTest(SuiteRunner.java:402)
at org.testng.SuiteRunner.runSequentially(SuiteRunner.java:396)
at org.testng.SuiteRunner.privateRun(SuiteRunner.java:355)
at org.testng.SuiteRunner.run(SuiteRunner.java:304)
at org.testng.SuiteRunnerWorker.runSuite(SuiteRunnerWorker.java:53)
at org.testng.SuiteRunnerWorker.run(SuiteRunnerWorker.java:96)
at org.testng.TestNG.runSuitesSequentially(TestNG.java:1180)
at org.testng.TestNG.runSuitesLocally(TestNG.java:1102)
at org.testng.TestNG.runSuites(TestNG.java:1032)
at org.testng.TestNG.run(TestNG.java:1000)
at org.apache.maven.surefire.testng.TestNGExecutor.run(TestNGExecutor.java:77)
at org.apache.maven.surefire.testng.TestNGDirectoryTestSuite.executeMulti(TestNGDirectoryTestSuite.java:159)
at org.apache.maven.surefire.testng.TestNGDirectoryTestSuite.execute(TestNGDirectoryTestSuite.java:99)
at org.apache.maven.surefire.testng.TestNGProvider.invoke(TestNGProvider.java:106)
at sun.reflect.NativeMethodAccessorImpl.invoke0(Native Method)
at sun.reflect.NativeMethodAccessorImpl.invoke(NativeMethodAccessorImpl.java:62)
at sun.reflect.DelegatingMethodAccessorImpl.invoke(DelegatingMethodAccessorImpl.java:43)
at java.lang.reflect.Method.invoke(Method.java:498)
at org.apache.maven.surefire.util.ReflectionUtils.invokeMethodWithArray(ReflectionUtils.java:189)
at org.apache.maven.surefire.booter.ProviderFactory$ProviderProxy.invoke(ProviderFactory.java:165)
at org.apache.maven.surefire.booter.ProviderFactory.invokeProvider(ProviderFactory.java:85)
at org.apache.maven.surefire.booter.ForkedBooter.runSuitesInProcess(ForkedBooter.java:115)
at org.apache.maven.surefire.booter.ForkedBooter.main(ForkedBooter.java:75)
]]>
            </full-stacktrace>
          </exception> <!-- java.lang.IllegalArgumentException -->
          <reporter-output>
          </reporter-output>
        </test-method> <!-- addCookie -->
        <test-method status="PASS" signature="cookieTest()[pri:0, instance:CookieTest@3e6fa38a]" name="cookieTest" duration-ms="15" started-at="2019-11-12T15:53:17 CST" finished-at="2019-11-12T15:53:17 CST">
          <reporter-output>
          </reporter-output>
        </test-method> <!-- cookieTest -->
        <test-method status="PASS" signature="deleteCookieTest()[pri:0, instance:CookieTest@3e6fa38a]" name="deleteCookieTest" duration-ms="6" started-at="2019-11-12T15:53:17 CST" finished-at="2019-11-12T15:53:17 CST">
          <reporter-output>
          </reporter-output>
        </test-method> <!-- deleteCookieTest -->
      </class> <!-- CookieTest -->
      <class name="ActionTest">
        <test-method status="PASS" signature="before()[pri:0, instance:ActionTest@47c62251]" name="before" is-config="true" duration-ms="3128" started-at="2019-11-12T15:53:12 CST" finished-at="2019-11-12T15:53:15 CST">
          <reporter-output>
          </reporter-output>
        </test-method> <!-- before -->
        <test-method status="FAIL" signature="actionTest()[pri:0, instance:ActionTest@47c62251]" name="actionTest" duration-ms="6" started-at="2019-11-12T15:53:15 CST" finished-at="2019-11-12T15:53:15 CST">
          <exception class="java.lang.IllegalArgumentException">
            <message>
              <![CDATA[Key Down / Up events only make sense for modifier keys.]]>
            </message>
            <full-stacktrace>
              <![CDATA[java.lang.IllegalArgumentException: Key Down / Up events only make sense for modifier keys.
at org.openqa.selenium.interactions.internal.SingleKeyAction.<init>(SingleKeyAction.java:49)
at org.openqa.selenium.interactions.internal.SingleKeyAction.<init>(SingleKeyAction.java:37)
at org.openqa.selenium.interactions.KeyDownAction.<init>(KeyDownAction.java:40)
at org.openqa.selenium.interactions.Actions.keyDown(Actions.java:115)
at ActionTest.actionTest(ActionTest.java:19)
at sun.reflect.NativeMethodAccessorImpl.invoke0(Native Method)
at sun.reflect.NativeMethodAccessorImpl.invoke(NativeMethodAccessorImpl.java:62)
at sun.reflect.DelegatingMethodAccessorImpl.invoke(DelegatingMethodAccessorImpl.java:43)
at java.lang.reflect.Method.invoke(Method.java:498)
at org.testng.internal.MethodInvocationHelper.invokeMethod(MethodInvocationHelper.java:133)
at org.testng.internal.TestInvoker.invokeMethod(TestInvoker.java:584)
at org.testng.internal.TestInvoker.invokeTestMethod(TestInvoker.java:172)
at org.testng.internal.MethodRunner.runInSequence(MethodRunner.java:46)
at org.testng.internal.TestInvoker$MethodInvocationAgent.invoke(TestInvoker.java:804)
at org.testng.internal.TestInvoker.invokeTestMethods(TestInvoker.java:145)
at org.testng.internal.TestMethodWorker.invokeTestMethods(TestMethodWorker.java:146)
at org.testng.internal.TestMethodWorker.run(TestMethodWorker.java:128)
at java.util.ArrayList.forEach(ArrayList.java:1257)
at org.testng.TestRunner.privateRun(TestRunner.java:770)
at org.testng.TestRunner.run(TestRunner.java:591)
at org.testng.SuiteRunner.runTest(SuiteRunner.java:402)
at org.testng.SuiteRunner.runSequentially(SuiteRunner.java:396)
at org.testng.SuiteRunner.privateRun(SuiteRunner.java:355)
at org.testng.SuiteRunner.run(SuiteRunner.java:304)
at org.testng.SuiteRunnerWorker.runSuite(SuiteRunnerWorker.java:53)
at org.testng.SuiteRunnerWorker.run(SuiteRunnerWorker.java:96)
at org.testng.TestNG.runSuitesSequentially(TestNG.java:1180)
at org.testng.TestNG.runSuitesLocally(TestNG.java:1102)
at org.testng.TestNG.runSuites(TestNG.java:1032)
at org.testng.TestNG.run(TestNG.java:1000)
at org.apache.maven.surefire.testng.TestNGExecutor.run(TestNGExecutor.java:77)
at org.apache.maven.surefire.testng.TestNGDirectoryTestSuite.executeMulti(TestNGDirectoryTestSuite.java:159)
at org.apache.maven.surefire.testng.TestNGDirectoryTestSuite.execute(TestNGDirectoryTestSuite.java:99)
at org.apache.maven.surefire.testng.TestNGProvider.invoke(TestNGProvider.java:106)
at sun.reflect.NativeMethodAccessorImpl.invoke0(Native Method)
at sun.reflect.NativeMethodAccessorImpl.invoke(NativeMethodAccessorImpl.java:62)
at sun.reflect.DelegatingMethodAccessorImpl.invoke(DelegatingMethodAccessorImpl.java:43)
at java.lang.reflect.Method.invoke(Method.java:498)
at org.apache.maven.surefire.util.ReflectionUtils.invokeMethodWithArray(ReflectionUtils.java:189)
at org.apache.maven.surefire.booter.ProviderFactory$ProviderProxy.invoke(ProviderFactory.java:165)
at org.apache.maven.surefire.booter.ProviderFactory.invokeProvider(ProviderFactory.java:85)
at org.apache.maven.surefire.booter.ForkedBooter.runSuitesInProcess(ForkedBooter.java:115)
at org.apache.maven.surefire.booter.ForkedBooter.main(ForkedBooter.java:75)
]]>
            </full-stacktrace>
          </exception> <!-- java.lang.IllegalArgumentException -->
          <reporter-output>
          </reporter-output>
        </test-method> <!-- actionTest -->
      </class> <!-- ActionTest -->
    </test> <!-- Command line test -->
  </suite> <!-- Command line suite -->
</testng-results>
